<?xml version="1.0" encoding="UTF-8"?>
<!-- Generated by org.testng.reporters.JUnitReportReporter -->
<testsuite hostname="BAVITHRA" failures="0" tests="12" name="TestRunner" time="61.270" errors="0" timestamp="2024-02-13T21:44:38 IST" skipped="0">
  <testcase classname="TestRunner" name="runScenario" time="4.040"/>
  <testcase classname="TestRunner" name="runScenario" time="4.178"/>
  <testcase classname="TestRunner" name="runScenario" time="3.219"/>
  <testcase classname="TestRunner" name="runScenario" time="7.135"/>
  <testcase classname="TestRunner" name="runScenario" time="5.219"/>
  <testcase classname="TestRunner" name="runScenario" time="3.725"/>
  <testcase classname="TestRunner" name="runScenario" time="3.220"/>
  <testcase classname="TestRunner" name="runScenario" time="6.440"/>
  <testcase classname="TestRunner" name="runScenario" time="12.736"/>
  <testcase classname="TestRunner" name="runScenario" time="3.801"/>
  <testcase classname="TestRunner" name="runScenario" time="3.863"/>
  <testcase classname="TestRunner" name="runScenario" time="3.694"/>
</testsuite> <!-- TestRunner -->
